<html>
<head>
<title>TestNG:  Test</title>
<link href="../testng.css" rel="stylesheet" type="text/css" />
<link href="../my-testng.css" rel="stylesheet" type="text/css" />

<style type="text/css">
.log { display: none;} 
.stack-trace { display: none;} 
</style>
<script type="text/javascript">
<!--
function flip(e) {
  current = e.style.display;
  if (current == 'block') {
    e.style.display = 'none';
    return 0;
  }
  else {
    e.style.display = 'block';
    return 1;
  }
}

function toggleBox(szDivId, elem, msg1, msg2)
{
  var res = -1;  if (document.getElementById) {
    res = flip(document.getElementById(szDivId));
  }
  else if (document.all) {
    // this is the way old msie versions work
    res = flip(document.all[szDivId]);
  }
  if(elem) {
    if(res == 0) elem.innerHTML = msg1; else elem.innerHTML = msg2;
  }

}

function toggleAllBoxes() {
  if (document.getElementsByTagName) {
    d = document.getElementsByTagName('div');
    for (i = 0; i < d.length; i++) {
      if (d[i].className == 'log') {
        flip(d[i]);
      }
    }
  }
}

// -->
</script>

</head>
<body>
<h2 align='center'>Test</h2><table border='1' align="center">
<tr>
<td>Tests passed/Failed/Skipped:</td><td>15/3/4</td>
</tr><tr>
<td>Started on:</td><td>Wed Sep 11 14:09:12 IST 2024</td>
</tr>
<tr><td>Total time:</td><td>1500 seconds (1500390 ms)</td>
</tr><tr>
<td>Included groups:</td><td></td>
</tr><tr>
<td>Excluded groups:</td><td></td>
</tr>
</table><p/>
<small><i>(Hover the method name to see the test class name)</i></small><p/>
<table width='100%' border='1' class='invocation-failed'>
<tr><td colspan='4' align='center'><b>FAILED TESTS</b></td></tr>
<tr><td><b>Test method</b></td>
<td><b>Attribute(s)</b></td>
<td width="30%"><b>Exception</b></td>
<td width="10%"><b>Time (seconds)</b></td>
<td><b>Instance</b></td>
</tr>
<tr>
<td title='com.starquick.test.starquickaddcartjourney.Milksearchproduct()'><b>Milksearchproduct</b><br>Test class: com.starquick.test.starquickaddcartjourney<br>Parameters: {product=Milk, testname=Milksearchproduct, SecondProduct=Amul Masti Dahi Pouch, execute=Yes, browser=FireFox}</td>
<td><div><pre>org.openqa.selenium.TimeoutException: Expected condition failed: waiting for element to be clickable: By.xpath: //span[@id=&apos;addCartProducts&apos;] (tried for 30 second(s) with 500 milliseconds interval)
Build info: version: &apos;4.24.0&apos;, revision: &apos;748ffc9bc3&apos;
System info: os.name: &apos;Windows 10&apos;, os.arch: &apos;amd64&apos;, os.version: &apos;10.0&apos;, java.version: &apos;17.0.10&apos;
Driver info: org.openqa.selenium.remote.RemoteWebDriver
Capabilities {acceptInsecureCerts: true, browserName: firefox, browserVersion: 132.0a1, moz:accessibilityChecks: false, moz:buildID: 20240904095513, moz:debuggerAddress: 127.0.0.1:25042, moz:firefoxOptions: {prefs: {remote.active-protocols: 3}}, moz:geckodriverVersion: 0.35.0, moz:headless: false, moz:platformVersion: 5.15.153.1-microsoft-standa..., moz:processID: 756, moz:profile: /tmp/rust_mozprofileVk1mWL, moz:shutdownTimeout: 60000, moz:webdriverClick: true, moz:windowless: false, pageLoadStrategy: normal, platformName: linux, proxy: Proxy(), se:bidiEnabled: false, se:cdp: ws://172.18.0.2:4444/sessio..., se:cdpVersion: 85.0, se:containerName: , se:noVncPort: 7900, se:vnc: ws://172.18.0.2:4444/sessio..., se:vncEnabled: true, se:vncLocalAddress: ws://172.18.0.2:7900, setWindowRect: true, strictFileInteractability: false, timeouts: {implicit: 0, pageLoad: 300000, script: 30000}, unhandledPromptBehavior: dismiss and notify, userAgent: Mozilla/5.0 (X11; Linux x86...}
Session ID: d2566dec-5f75-4781-bf00-20fa8cc274c5
	at org.openqa.selenium.support.ui.WebDriverWait.timeoutException(WebDriverWait.java:84)
	at org.openqa.selenium.support.ui.FluentWait.until(FluentWait.java:228)
	at com.starquick.factories.ExplicitWaitFactory.performexplicitwait(ExplicitWaitFactory.java:35)
	at com.starquick.pages.BasePage.click(BasePage.java:40)
	at com.starquick.pages.TATAOpenLandingPage1.product_search_Amul_Masti_Dahi_Pouch(TATAOpenLandingPage1.java:61)
	at com.starquick.test.starquickaddcartjourney.Milksearchproduct(starquickaddcartjourney.java:45)
	at java.base/java.util.concurrent.ThreadPoolExecutor.runWorker(ThreadPoolExecutor.java:1136)
	at java.base/java.util.concurrent.ThreadPoolExecutor$Worker.run(ThreadPoolExecutor.java:635)
	at java.base/java.lang.Thread.run(Thread.java:840)
... Removed 9 stack frames</pre></div><a href='#' onClick='toggleBox("stack-trace1202253821", this, "Click to show all stack frames", "Click to hide stack frames")'>Click to show all stack frames</a>
<div class='stack-trace' id='stack-trace1202253821'><pre>org.openqa.selenium.TimeoutException: Expected condition failed: waiting for element to be clickable: By.xpath: //span[@id=&apos;addCartProducts&apos;] (tried for 30 second(s) with 500 milliseconds interval)
Build info: version: &apos;4.24.0&apos;, revision: &apos;748ffc9bc3&apos;
System info: os.name: &apos;Windows 10&apos;, os.arch: &apos;amd64&apos;, os.version: &apos;10.0&apos;, java.version: &apos;17.0.10&apos;
Driver info: org.openqa.selenium.remote.RemoteWebDriver
Capabilities {acceptInsecureCerts: true, browserName: firefox, browserVersion: 132.0a1, moz:accessibilityChecks: false, moz:buildID: 20240904095513, moz:debuggerAddress: 127.0.0.1:25042, moz:firefoxOptions: {prefs: {remote.active-protocols: 3}}, moz:geckodriverVersion: 0.35.0, moz:headless: false, moz:platformVersion: 5.15.153.1-microsoft-standa..., moz:processID: 756, moz:profile: /tmp/rust_mozprofileVk1mWL, moz:shutdownTimeout: 60000, moz:webdriverClick: true, moz:windowless: false, pageLoadStrategy: normal, platformName: linux, proxy: Proxy(), se:bidiEnabled: false, se:cdp: ws://172.18.0.2:4444/sessio..., se:cdpVersion: 85.0, se:containerName: , se:noVncPort: 7900, se:vnc: ws://172.18.0.2:4444/sessio..., se:vncEnabled: true, se:vncLocalAddress: ws://172.18.0.2:7900, setWindowRect: true, strictFileInteractability: false, timeouts: {implicit: 0, pageLoad: 300000, script: 30000}, unhandledPromptBehavior: dismiss and notify, userAgent: Mozilla/5.0 (X11; Linux x86...}
Session ID: d2566dec-5f75-4781-bf00-20fa8cc274c5
	at org.openqa.selenium.support.ui.WebDriverWait.timeoutException(WebDriverWait.java:84)
	at org.openqa.selenium.support.ui.FluentWait.until(FluentWait.java:228)
	at com.starquick.factories.ExplicitWaitFactory.performexplicitwait(ExplicitWaitFactory.java:35)
	at com.starquick.pages.BasePage.click(BasePage.java:40)
	at com.starquick.pages.TATAOpenLandingPage1.product_search_Amul_Masti_Dahi_Pouch(TATAOpenLandingPage1.java:61)
	at com.starquick.test.starquickaddcartjourney.Milksearchproduct(starquickaddcartjourney.java:45)
	at java.base/jdk.internal.reflect.NativeMethodAccessorImpl.invoke0(Native Method)
	at java.base/jdk.internal.reflect.NativeMethodAccessorImpl.invoke(NativeMethodAccessorImpl.java:77)
	at java.base/jdk.internal.reflect.DelegatingMethodAccessorImpl.invoke(DelegatingMethodAccessorImpl.java:43)
	at java.base/java.lang.reflect.Method.invoke(Method.java:568)
	at org.testng.internal.invokers.MethodInvocationHelper.invokeMethod(MethodInvocationHelper.java:141)
	at org.testng.internal.invokers.TestInvoker.invokeMethod(TestInvoker.java:686)
	at org.testng.internal.invokers.TestInvoker.retryFailed(TestInvoker.java:269)
	at org.testng.internal.invokers.TestMethodWithDataProviderMethodWorker.call(TestMethodWithDataProviderMethodWorker.java:105)
	at org.testng.internal.thread.Async$AsyncTask.run(Async.java:34)
	at java.base/java.util.concurrent.ThreadPoolExecutor.runWorker(ThreadPoolExecutor.java:1136)
	at java.base/java.util.concurrent.ThreadPoolExecutor$Worker.run(ThreadPoolExecutor.java:635)
	at java.base/java.lang.Thread.run(Thread.java:840)
</pre></div></td>
<td>84</td>
<td>com.starquick.test.starquickaddcartjourney@17ca8b92</td></tr>
<tr>
<td title='com.starquick.test.starquickaddcartjourney.Milksearchproduct()'><b>Milksearchproduct</b><br>Test class: com.starquick.test.starquickaddcartjourney<br>Parameters: {product=Milk, testname=Milksearchproduct, SecondProduct=Amul Masti Dahi Pouch, execute=Yes, browser=Edge}</td>
<td><div><pre>org.openqa.selenium.TimeoutException: Expected condition failed: waiting for element to be clickable: By.xpath: //span[@id=&apos;addCartProducts&apos;] (tried for 30 second(s) with 500 milliseconds interval)
Build info: version: &apos;4.24.0&apos;, revision: &apos;748ffc9bc3&apos;
System info: os.name: &apos;Windows 10&apos;, os.arch: &apos;amd64&apos;, os.version: &apos;10.0&apos;, java.version: &apos;17.0.10&apos;
Driver info: org.openqa.selenium.remote.RemoteWebDriver
Capabilities {acceptInsecureCerts: false, browserName: MicrosoftEdge, browserVersion: 130.0.2808.0, fedcm:accounts: true, ms:edgeOptions: {debuggerAddress: localhost:41311}, msedge: {msedgedriverVersion: 130.0.2808.1 (814e2e363311e..., userDataDir: /tmp/.com.microsoft.Edge.Ou...}, networkConnectionEnabled: false, pageLoadStrategy: normal, platformName: linux, proxy: Proxy(), se:bidiEnabled: false, se:cdp: ws://172.18.0.4:4444/sessio..., se:cdpVersion: 130.0.2808.0, se:containerName: , se:noVncPort: 7900, se:vnc: ws://172.18.0.4:4444/sessio..., se:vncEnabled: true, se:vncLocalAddress: ws://172.18.0.4:7900, setWindowRect: true, strictFileInteractability: false, timeouts: {implicit: 0, pageLoad: 300000, script: 30000}, unhandledPromptBehavior: dismiss and notify, webauthn:extension:credBlob: true, webauthn:extension:largeBlob: true, webauthn:extension:minPinLength: true, webauthn:extension:prf: true, webauthn:virtualAuthenticators: true}
Session ID: fb3fb2fb96508f48a861a1f34f485b23
	at org.openqa.selenium.support.ui.WebDriverWait.timeoutException(WebDriverWait.java:84)
	at org.openqa.selenium.support.ui.FluentWait.until(FluentWait.java:228)
	at com.starquick.factories.ExplicitWaitFactory.performexplicitwait(ExplicitWaitFactory.java:35)
	at com.starquick.pages.BasePage.click(BasePage.java:40)
	at com.starquick.pages.TATAOpenLandingPage1.product_search_Amul_Masti_Dahi_Pouch(TATAOpenLandingPage1.java:61)
	at com.starquick.test.starquickaddcartjourney.Milksearchproduct(starquickaddcartjourney.java:45)
	at java.base/java.util.concurrent.ThreadPoolExecutor.runWorker(ThreadPoolExecutor.java:1136)
	at java.base/java.util.concurrent.ThreadPoolExecutor$Worker.run(ThreadPoolExecutor.java:635)
	at java.base/java.lang.Thread.run(Thread.java:840)
... Removed 9 stack frames</pre></div><a href='#' onClick='toggleBox("stack-trace634381608", this, "Click to show all stack frames", "Click to hide stack frames")'>Click to show all stack frames</a>
<div class='stack-trace' id='stack-trace634381608'><pre>org.openqa.selenium.TimeoutException: Expected condition failed: waiting for element to be clickable: By.xpath: //span[@id=&apos;addCartProducts&apos;] (tried for 30 second(s) with 500 milliseconds interval)
Build info: version: &apos;4.24.0&apos;, revision: &apos;748ffc9bc3&apos;
System info: os.name: &apos;Windows 10&apos;, os.arch: &apos;amd64&apos;, os.version: &apos;10.0&apos;, java.version: &apos;17.0.10&apos;
Driver info: org.openqa.selenium.remote.RemoteWebDriver
Capabilities {acceptInsecureCerts: false, browserName: MicrosoftEdge, browserVersion: 130.0.2808.0, fedcm:accounts: true, ms:edgeOptions: {debuggerAddress: localhost:41311}, msedge: {msedgedriverVersion: 130.0.2808.1 (814e2e363311e..., userDataDir: /tmp/.com.microsoft.Edge.Ou...}, networkConnectionEnabled: false, pageLoadStrategy: normal, platformName: linux, proxy: Proxy(), se:bidiEnabled: false, se:cdp: ws://172.18.0.4:4444/sessio..., se:cdpVersion: 130.0.2808.0, se:containerName: , se:noVncPort: 7900, se:vnc: ws://172.18.0.4:4444/sessio..., se:vncEnabled: true, se:vncLocalAddress: ws://172.18.0.4:7900, setWindowRect: true, strictFileInteractability: false, timeouts: {implicit: 0, pageLoad: 300000, script: 30000}, unhandledPromptBehavior: dismiss and notify, webauthn:extension:credBlob: true, webauthn:extension:largeBlob: true, webauthn:extension:minPinLength: true, webauthn:extension:prf: true, webauthn:virtualAuthenticators: true}
Session ID: fb3fb2fb96508f48a861a1f34f485b23
	at org.openqa.selenium.support.ui.WebDriverWait.timeoutException(WebDriverWait.java:84)
	at org.openqa.selenium.support.ui.FluentWait.until(FluentWait.java:228)
	at com.starquick.factories.ExplicitWaitFactory.performexplicitwait(ExplicitWaitFactory.java:35)
	at com.starquick.pages.BasePage.click(BasePage.java:40)
	at com.starquick.pages.TATAOpenLandingPage1.product_search_Amul_Masti_Dahi_Pouch(TATAOpenLandingPage1.java:61)
	at com.starquick.test.starquickaddcartjourney.Milksearchproduct(starquickaddcartjourney.java:45)
	at java.base/jdk.internal.reflect.NativeMethodAccessorImpl.invoke0(Native Method)
	at java.base/jdk.internal.reflect.NativeMethodAccessorImpl.invoke(NativeMethodAccessorImpl.java:77)
	at java.base/jdk.internal.reflect.DelegatingMethodAccessorImpl.invoke(DelegatingMethodAccessorImpl.java:43)
	at java.base/java.lang.reflect.Method.invoke(Method.java:568)
	at org.testng.internal.invokers.MethodInvocationHelper.invokeMethod(MethodInvocationHelper.java:141)
	at org.testng.internal.invokers.TestInvoker.invokeMethod(TestInvoker.java:686)
	at org.testng.internal.invokers.TestInvoker.retryFailed(TestInvoker.java:269)
	at org.testng.internal.invokers.TestMethodWithDataProviderMethodWorker.call(TestMethodWithDataProviderMethodWorker.java:105)
	at org.testng.internal.thread.Async$AsyncTask.run(Async.java:34)
	at java.base/java.util.concurrent.ThreadPoolExecutor.runWorker(ThreadPoolExecutor.java:1136)
	at java.base/java.util.concurrent.ThreadPoolExecutor$Worker.run(ThreadPoolExecutor.java:635)
	at java.base/java.lang.Thread.run(Thread.java:840)
</pre></div></td>
<td>96</td>
<td>com.starquick.test.starquickaddcartjourney@17ca8b92</td></tr>
<tr>
<td title='com.starquick.test.starquickaddcartjourney.Milksearchproduct()'><b>Milksearchproduct</b><br>Test class: com.starquick.test.starquickaddcartjourney<br>Parameters: {product=Milk, testname=Milksearchproduct, SecondProduct=Amul Masti Dahi Pouch, execute=Yes, browser=Chrome}</td>
<td><div><pre>org.openqa.selenium.TimeoutException: Expected condition failed: waiting for element to be clickable: By.xpath: //span[@id=&apos;addCartProducts&apos;] (tried for 30 second(s) with 500 milliseconds interval)
Build info: version: &apos;4.24.0&apos;, revision: &apos;748ffc9bc3&apos;
System info: os.name: &apos;Windows 10&apos;, os.arch: &apos;amd64&apos;, os.version: &apos;10.0&apos;, java.version: &apos;17.0.10&apos;
Driver info: org.openqa.selenium.remote.RemoteWebDriver
Capabilities {acceptInsecureCerts: false, browserName: chrome, browserVersion: 130.0.6683.2, chrome: {chromedriverVersion: 130.0.6698.0 (f1e78ec187ae0..., userDataDir: /tmp/.org.chromium.Chromium...}, fedcm:accounts: true, goog:chromeOptions: {debuggerAddress: localhost:43943}, networkConnectionEnabled: false, pageLoadStrategy: normal, platformName: linux, proxy: Proxy(), se:bidiEnabled: false, se:cdp: ws://172.18.0.3:4444/sessio..., se:cdpVersion: 130.0.6683.2, se:containerName: , se:noVncPort: 7900, se:vnc: ws://172.18.0.3:4444/sessio..., se:vncEnabled: true, se:vncLocalAddress: ws://172.18.0.3:7900, setWindowRect: true, strictFileInteractability: false, timeouts: {implicit: 0, pageLoad: 300000, script: 30000}, unhandledPromptBehavior: dismiss and notify, webauthn:extension:credBlob: true, webauthn:extension:largeBlob: true, webauthn:extension:minPinLength: true, webauthn:extension:prf: true, webauthn:virtualAuthenticators: true}
Session ID: 187c6a3e7ada017970ec055b0f86a616
	at org.openqa.selenium.support.ui.WebDriverWait.timeoutException(WebDriverWait.java:84)
	at org.openqa.selenium.support.ui.FluentWait.until(FluentWait.java:228)
	at com.starquick.factories.ExplicitWaitFactory.performexplicitwait(ExplicitWaitFactory.java:35)
	at com.starquick.pages.BasePage.click(BasePage.java:40)
	at com.starquick.pages.TATAOpenLandingPage1.product_search_Amul_Masti_Dahi_Pouch(TATAOpenLandingPage1.java:61)
	at com.starquick.test.starquickaddcartjourney.Milksearchproduct(starquickaddcartjourney.java:45)
	at java.base/java.util.concurrent.ThreadPoolExecutor.runWorker(ThreadPoolExecutor.java:1136)
	at java.base/java.util.concurrent.ThreadPoolExecutor$Worker.run(ThreadPoolExecutor.java:635)
	at java.base/java.lang.Thread.run(Thread.java:840)
... Removed 9 stack frames</pre></div><a href='#' onClick='toggleBox("stack-trace1222377892", this, "Click to show all stack frames", "Click to hide stack frames")'>Click to show all stack frames</a>
<div class='stack-trace' id='stack-trace1222377892'><pre>org.openqa.selenium.TimeoutException: Expected condition failed: waiting for element to be clickable: By.xpath: //span[@id=&apos;addCartProducts&apos;] (tried for 30 second(s) with 500 milliseconds interval)
Build info: version: &apos;4.24.0&apos;, revision: &apos;748ffc9bc3&apos;
System info: os.name: &apos;Windows 10&apos;, os.arch: &apos;amd64&apos;, os.version: &apos;10.0&apos;, java.version: &apos;17.0.10&apos;
Driver info: org.openqa.selenium.remote.RemoteWebDriver
Capabilities {acceptInsecureCerts: false, browserName: chrome, browserVersion: 130.0.6683.2, chrome: {chromedriverVersion: 130.0.6698.0 (f1e78ec187ae0..., userDataDir: /tmp/.org.chromium.Chromium...}, fedcm:accounts: true, goog:chromeOptions: {debuggerAddress: localhost:43943}, networkConnectionEnabled: false, pageLoadStrategy: normal, platformName: linux, proxy: Proxy(), se:bidiEnabled: false, se:cdp: ws://172.18.0.3:4444/sessio..., se:cdpVersion: 130.0.6683.2, se:containerName: , se:noVncPort: 7900, se:vnc: ws://172.18.0.3:4444/sessio..., se:vncEnabled: true, se:vncLocalAddress: ws://172.18.0.3:7900, setWindowRect: true, strictFileInteractability: false, timeouts: {implicit: 0, pageLoad: 300000, script: 30000}, unhandledPromptBehavior: dismiss and notify, webauthn:extension:credBlob: true, webauthn:extension:largeBlob: true, webauthn:extension:minPinLength: true, webauthn:extension:prf: true, webauthn:virtualAuthenticators: true}
Session ID: 187c6a3e7ada017970ec055b0f86a616
	at org.openqa.selenium.support.ui.WebDriverWait.timeoutException(WebDriverWait.java:84)
	at org.openqa.selenium.support.ui.FluentWait.until(FluentWait.java:228)
	at com.starquick.factories.ExplicitWaitFactory.performexplicitwait(ExplicitWaitFactory.java:35)
	at com.starquick.pages.BasePage.click(BasePage.java:40)
	at com.starquick.pages.TATAOpenLandingPage1.product_search_Amul_Masti_Dahi_Pouch(TATAOpenLandingPage1.java:61)
	at com.starquick.test.starquickaddcartjourney.Milksearchproduct(starquickaddcartjourney.java:45)
	at java.base/jdk.internal.reflect.NativeMethodAccessorImpl.invoke0(Native Method)
	at java.base/jdk.internal.reflect.NativeMethodAccessorImpl.invoke(NativeMethodAccessorImpl.java:77)
	at java.base/jdk.internal.reflect.DelegatingMethodAccessorImpl.invoke(DelegatingMethodAccessorImpl.java:43)
	at java.base/java.lang.reflect.Method.invoke(Method.java:568)
	at org.testng.internal.invokers.MethodInvocationHelper.invokeMethod(MethodInvocationHelper.java:141)
	at org.testng.internal.invokers.TestInvoker.invokeMethod(TestInvoker.java:686)
	at org.testng.internal.invokers.TestInvoker.retryFailed(TestInvoker.java:269)
	at org.testng.internal.invokers.TestMethodWithDataProviderMethodWorker.call(TestMethodWithDataProviderMethodWorker.java:105)
	at org.testng.internal.thread.Async$AsyncTask.run(Async.java:34)
	at java.base/java.util.concurrent.ThreadPoolExecutor.runWorker(ThreadPoolExecutor.java:1136)
	at java.base/java.util.concurrent.ThreadPoolExecutor$Worker.run(ThreadPoolExecutor.java:635)
	at java.base/java.lang.Thread.run(Thread.java:840)
</pre></div></td>
<td>98</td>
<td>com.starquick.test.starquickaddcartjourney@17ca8b92</td></tr>
</table><p>
<table width='100%' border='1' class='invocation-passed'>
<tr><td colspan='4' align='center'><b>PASSED TESTS</b></td></tr>
<tr><td><b>Test method</b></td>
<td><b>Attribute(s)</b></td>
<td width="30%"><b>Exception</b></td>
<td width="10%"><b>Time (seconds)</b></td>
<td><b>Instance</b></td>
</tr>
<tr>
<td title='com.starquick.test.starquickaddcartjourney.softdrink()'><b>softdrink</b><br>Test class: com.starquick.test.starquickaddcartjourney<br>Parameters: {product=Sprite, testname=softdrink, SecondProduct=, execute=Yes, browser=Chrome}</td>
<td></td>
<td>34</td>
<td>com.starquick.test.starquickaddcartjourney@17ca8b92</td></tr>
<tr>
<td title='com.starquick.test.starquickaddcartjourney.softdrink()'><b>softdrink</b><br>Test class: com.starquick.test.starquickaddcartjourney<br>Parameters: {product=Sprite, testname=softdrink, SecondProduct=, execute=Yes, browser=FireFox}</td>
<td></td>
<td>34</td>
<td>com.starquick.test.starquickaddcartjourney@17ca8b92</td></tr>
<tr>
<td title='com.starquick.test.starquickaddcartjourney.Onionsearchproduct()'><b>Onionsearchproduct</b><br>Test class: com.starquick.test.starquickaddcartjourney<br>Parameters: {product=Onion, testname=Onionsearchproduct, SecondProduct=, execute=Yes, browser=FireFox}</td>
<td></td>
<td>26</td>
<td>com.starquick.test.starquickaddcartjourney@17ca8b92</td></tr>
<tr>
<td title='com.starquick.test.starquickaddcartjourney.searchcookoil()'><b>searchcookoil</b><br>Test class: com.starquick.test.starquickaddcartjourney<br>Parameters: {product=Fortune oil, testname=searchcookoil, SecondProduct=, execute=Yes, browser=FireFox}</td>
<td></td>
<td>24</td>
<td>com.starquick.test.starquickaddcartjourney@17ca8b92</td></tr>
<tr>
<td title='com.starquick.test.starquickaddcartjourney.searchcookoil()'><b>searchcookoil</b><br>Test class: com.starquick.test.starquickaddcartjourney<br>Parameters: {product=Fortune oil, testname=searchcookoil, SecondProduct=, execute=Yes, browser=Edge}</td>
<td></td>
<td>40</td>
<td>com.starquick.test.starquickaddcartjourney@17ca8b92</td></tr>
<tr>
<td title='com.starquick.test.starquickaddcartjourney.Rusksearchproduct()'><b>Rusksearchproduct</b><br>Test class: com.starquick.test.starquickaddcartjourney<br>Parameters: {product=Rusk, testname=Rusksearchproduct, SecondProduct=Britania Rusk, execute=Yes, browser=Edge}</td>
<td></td>
<td>79</td>
<td>com.starquick.test.starquickaddcartjourney@17ca8b92</td></tr>
<tr>
<td title='com.starquick.test.starquickaddcartjourney.Onionsearchproduct()'><b>Onionsearchproduct</b><br>Test class: com.starquick.test.starquickaddcartjourney<br>Parameters: {product=Onion, testname=Onionsearchproduct, SecondProduct=, execute=Yes, browser=Chrome}</td>
<td></td>
<td>48</td>
<td>com.starquick.test.starquickaddcartjourney@17ca8b92</td></tr>
<tr>
<td title='com.starquick.test.starquickaddcartjourney.searchcookoil()'><b>searchcookoil</b><br>Test class: com.starquick.test.starquickaddcartjourney<br>Parameters: {product=Fortune oil, testname=searchcookoil, SecondProduct=, execute=Yes, browser=Chrome}</td>
<td></td>
<td>27</td>
<td>com.starquick.test.starquickaddcartjourney@17ca8b92</td></tr>
<tr>
<td title='com.starquick.test.starquickaddcartjourney.detergentsearchproduct()'><b>detergentsearchproduct</b><br>Test class: com.starquick.test.starquickaddcartjourney<br>Parameters: {product=surf excel, testname=detergentsearchproduct, SecondProduct=, execute=Yes, browser=Edge}</td>
<td></td>
<td>28</td>
<td>com.starquick.test.starquickaddcartjourney@17ca8b92</td></tr>
<tr>
<td title='com.starquick.test.starquickaddcartjourney.detergentsearchproduct()'><b>detergentsearchproduct</b><br>Test class: com.starquick.test.starquickaddcartjourney<br>Parameters: {product=surf excel, testname=detergentsearchproduct, SecondProduct=, execute=Yes, browser=Chrome}</td>
<td></td>
<td>29</td>
<td>com.starquick.test.starquickaddcartjourney@17ca8b92</td></tr>
<tr>
<td title='com.starquick.test.starquickaddcartjourney.detergentsearchproduct()'><b>detergentsearchproduct</b><br>Test class: com.starquick.test.starquickaddcartjourney<br>Parameters: {product=surf excel, testname=detergentsearchproduct, SecondProduct=, execute=Yes, browser=FireFox}</td>
<td></td>
<td>25</td>
<td>com.starquick.test.starquickaddcartjourney@17ca8b92</td></tr>
<tr>
<td title='com.starquick.test.starquickaddcartjourney.Rusksearchproduct()'><b>Rusksearchproduct</b><br>Test class: com.starquick.test.starquickaddcartjourney<br>Parameters: {product=Rusk, testname=Rusksearchproduct, SecondProduct=Britania Rusk, execute=Yes, browser=FireFox}</td>
<td></td>
<td>65</td>
<td>com.starquick.test.starquickaddcartjourney@17ca8b92</td></tr>
<tr>
<td title='com.starquick.test.starquickaddcartjourney.Rusksearchproduct()'><b>Rusksearchproduct</b><br>Test class: com.starquick.test.starquickaddcartjourney<br>Parameters: {product=Rusk, testname=Rusksearchproduct, SecondProduct=Britania Rusk, execute=Yes, browser=Chrome}</td>
<td></td>
<td>77</td>
<td>com.starquick.test.starquickaddcartjourney@17ca8b92</td></tr>
<tr>
<td title='com.starquick.test.starquickaddcartjourney.softdrink()'><b>softdrink</b><br>Test class: com.starquick.test.starquickaddcartjourney<br>Parameters: {product=Sprite, testname=softdrink, SecondProduct=, execute=Yes, browser=Edge}</td>
<td></td>
<td>28</td>
<td>com.starquick.test.starquickaddcartjourney@17ca8b92</td></tr>
<tr>
<td title='com.starquick.test.starquickaddcartjourney.Onionsearchproduct()'><b>Onionsearchproduct</b><br>Test class: com.starquick.test.starquickaddcartjourney<br>Parameters: {product=Onion, testname=Onionsearchproduct, SecondProduct=, execute=Yes, browser=Edge}</td>
<td></td>
<td>30</td>
<td>com.starquick.test.starquickaddcartjourney@17ca8b92</td></tr>
</table><p>
<table width='100%' border='1' class='invocation-skipped'>
<tr><td colspan='4' align='center'><b>SKIPPED TESTS</b></td></tr>
<tr><td><b>Test method</b></td>
<td><b>Attribute(s)</b></td>
<td width="30%"><b>Exception</b></td>
<td width="10%"><b>Time (seconds)</b></td>
<td><b>Instance</b></td>
</tr>
<tr>
<td title='com.starquick.test.starquickaddcartjourney.Milksearchproduct()'><b>Milksearchproduct</b><br>Test class: com.starquick.test.starquickaddcartjourney<br>Parameters: {product=Milk, testname=Milksearchproduct, SecondProduct=Amul Masti Dahi Pouch, execute=Yes, browser=Chrome}</td>
<td><div><pre>org.openqa.selenium.TimeoutException: Expected condition failed: waiting for element to be clickable: By.xpath: //span[@id=&apos;addCartProducts&apos;] (tried for 30 second(s) with 500 milliseconds interval)
Build info: version: &apos;4.24.0&apos;, revision: &apos;748ffc9bc3&apos;
System info: os.name: &apos;Windows 10&apos;, os.arch: &apos;amd64&apos;, os.version: &apos;10.0&apos;, java.version: &apos;17.0.10&apos;
Driver info: org.openqa.selenium.remote.RemoteWebDriver
Capabilities {acceptInsecureCerts: false, browserName: chrome, browserVersion: 130.0.6683.2, chrome: {chromedriverVersion: 130.0.6698.0 (f1e78ec187ae0..., userDataDir: /tmp/.org.chromium.Chromium...}, fedcm:accounts: true, goog:chromeOptions: {debuggerAddress: localhost:40635}, networkConnectionEnabled: false, pageLoadStrategy: normal, platformName: linux, proxy: Proxy(), se:bidiEnabled: false, se:cdp: ws://172.18.0.3:4444/sessio..., se:cdpVersion: 130.0.6683.2, se:containerName: , se:noVncPort: 7900, se:vnc: ws://172.18.0.3:4444/sessio..., se:vncEnabled: true, se:vncLocalAddress: ws://172.18.0.3:7900, setWindowRect: true, strictFileInteractability: false, timeouts: {implicit: 0, pageLoad: 300000, script: 30000}, unhandledPromptBehavior: dismiss and notify, webauthn:extension:credBlob: true, webauthn:extension:largeBlob: true, webauthn:extension:minPinLength: true, webauthn:extension:prf: true, webauthn:virtualAuthenticators: true}
Session ID: 3df90b73a4c64178ef143d11cad2f43a
	at org.openqa.selenium.support.ui.WebDriverWait.timeoutException(WebDriverWait.java:84)
	at org.openqa.selenium.support.ui.FluentWait.until(FluentWait.java:228)
	at com.starquick.factories.ExplicitWaitFactory.performexplicitwait(ExplicitWaitFactory.java:35)
	at com.starquick.pages.BasePage.click(BasePage.java:40)
	at com.starquick.pages.TATAOpenLandingPage1.product_search_Amul_Masti_Dahi_Pouch(TATAOpenLandingPage1.java:61)
	at com.starquick.test.starquickaddcartjourney.Milksearchproduct(starquickaddcartjourney.java:45)
	at java.base/java.util.concurrent.ThreadPoolExecutor.runWorker(ThreadPoolExecutor.java:1136)
	at java.base/java.util.concurrent.ThreadPoolExecutor$Worker.run(ThreadPoolExecutor.java:635)
	at java.base/java.lang.Thread.run(Thread.java:840)
... Removed 9 stack frames</pre></div><a href='#' onClick='toggleBox("stack-trace877885091", this, "Click to show all stack frames", "Click to hide stack frames")'>Click to show all stack frames</a>
<div class='stack-trace' id='stack-trace877885091'><pre>org.openqa.selenium.TimeoutException: Expected condition failed: waiting for element to be clickable: By.xpath: //span[@id=&apos;addCartProducts&apos;] (tried for 30 second(s) with 500 milliseconds interval)
Build info: version: &apos;4.24.0&apos;, revision: &apos;748ffc9bc3&apos;
System info: os.name: &apos;Windows 10&apos;, os.arch: &apos;amd64&apos;, os.version: &apos;10.0&apos;, java.version: &apos;17.0.10&apos;
Driver info: org.openqa.selenium.remote.RemoteWebDriver
Capabilities {acceptInsecureCerts: false, browserName: chrome, browserVersion: 130.0.6683.2, chrome: {chromedriverVersion: 130.0.6698.0 (f1e78ec187ae0..., userDataDir: /tmp/.org.chromium.Chromium...}, fedcm:accounts: true, goog:chromeOptions: {debuggerAddress: localhost:40635}, networkConnectionEnabled: false, pageLoadStrategy: normal, platformName: linux, proxy: Proxy(), se:bidiEnabled: false, se:cdp: ws://172.18.0.3:4444/sessio..., se:cdpVersion: 130.0.6683.2, se:containerName: , se:noVncPort: 7900, se:vnc: ws://172.18.0.3:4444/sessio..., se:vncEnabled: true, se:vncLocalAddress: ws://172.18.0.3:7900, setWindowRect: true, strictFileInteractability: false, timeouts: {implicit: 0, pageLoad: 300000, script: 30000}, unhandledPromptBehavior: dismiss and notify, webauthn:extension:credBlob: true, webauthn:extension:largeBlob: true, webauthn:extension:minPinLength: true, webauthn:extension:prf: true, webauthn:virtualAuthenticators: true}
Session ID: 3df90b73a4c64178ef143d11cad2f43a
	at org.openqa.selenium.support.ui.WebDriverWait.timeoutException(WebDriverWait.java:84)
	at org.openqa.selenium.support.ui.FluentWait.until(FluentWait.java:228)
	at com.starquick.factories.ExplicitWaitFactory.performexplicitwait(ExplicitWaitFactory.java:35)
	at com.starquick.pages.BasePage.click(BasePage.java:40)
	at com.starquick.pages.TATAOpenLandingPage1.product_search_Amul_Masti_Dahi_Pouch(TATAOpenLandingPage1.java:61)
	at com.starquick.test.starquickaddcartjourney.Milksearchproduct(starquickaddcartjourney.java:45)
	at java.base/jdk.internal.reflect.NativeMethodAccessorImpl.invoke0(Native Method)
	at java.base/jdk.internal.reflect.NativeMethodAccessorImpl.invoke(NativeMethodAccessorImpl.java:77)
	at java.base/jdk.internal.reflect.DelegatingMethodAccessorImpl.invoke(DelegatingMethodAccessorImpl.java:43)
	at java.base/java.lang.reflect.Method.invoke(Method.java:568)
	at org.testng.internal.invokers.MethodInvocationHelper.invokeMethod(MethodInvocationHelper.java:141)
	at org.testng.internal.invokers.TestInvoker.invokeMethod(TestInvoker.java:686)
	at org.testng.internal.invokers.TestInvoker.invokeTestMethod(TestInvoker.java:230)
	at org.testng.internal.invokers.TestMethodWithDataProviderMethodWorker.call(TestMethodWithDataProviderMethodWorker.java:81)
	at org.testng.internal.thread.Async$AsyncTask.run(Async.java:34)
	at java.base/java.util.concurrent.ThreadPoolExecutor.runWorker(ThreadPoolExecutor.java:1136)
	at java.base/java.util.concurrent.ThreadPoolExecutor$Worker.run(ThreadPoolExecutor.java:635)
	at java.base/java.lang.Thread.run(Thread.java:840)
</pre></div></td>
<td>90</td>
<td>com.starquick.test.starquickaddcartjourney@17ca8b92</td></tr>
<tr>
<td title='com.starquick.test.starquickaddcartjourney.Milksearchproduct()'><b>Milksearchproduct</b><br>Test class: com.starquick.test.starquickaddcartjourney<br>Parameters: {product=Milk, testname=Milksearchproduct, SecondProduct=Amul Masti Dahi Pouch, execute=Yes, browser=Edge}</td>
<td><div><pre>org.openqa.selenium.TimeoutException: Expected condition failed: waiting for element to be clickable: By.xpath: //span[@id=&apos;addCartProducts&apos;] (tried for 30 second(s) with 500 milliseconds interval)
Build info: version: &apos;4.24.0&apos;, revision: &apos;748ffc9bc3&apos;
System info: os.name: &apos;Windows 10&apos;, os.arch: &apos;amd64&apos;, os.version: &apos;10.0&apos;, java.version: &apos;17.0.10&apos;
Driver info: org.openqa.selenium.remote.RemoteWebDriver
Capabilities {acceptInsecureCerts: false, browserName: MicrosoftEdge, browserVersion: 130.0.2808.0, fedcm:accounts: true, ms:edgeOptions: {debuggerAddress: localhost:38395}, msedge: {msedgedriverVersion: 130.0.2808.1 (814e2e363311e..., userDataDir: /tmp/.com.microsoft.Edge.Q3...}, networkConnectionEnabled: false, pageLoadStrategy: normal, platformName: linux, proxy: Proxy(), se:bidiEnabled: false, se:cdp: ws://172.18.0.4:4444/sessio..., se:cdpVersion: 130.0.2808.0, se:containerName: , se:noVncPort: 7900, se:vnc: ws://172.18.0.4:4444/sessio..., se:vncEnabled: true, se:vncLocalAddress: ws://172.18.0.4:7900, setWindowRect: true, strictFileInteractability: false, timeouts: {implicit: 0, pageLoad: 300000, script: 30000}, unhandledPromptBehavior: dismiss and notify, webauthn:extension:credBlob: true, webauthn:extension:largeBlob: true, webauthn:extension:minPinLength: true, webauthn:extension:prf: true, webauthn:virtualAuthenticators: true}
Session ID: c3b4d8bc2cd8dffbc4136f29b0e7bbe0
	at org.openqa.selenium.support.ui.WebDriverWait.timeoutException(WebDriverWait.java:84)
	at org.openqa.selenium.support.ui.FluentWait.until(FluentWait.java:228)
	at com.starquick.factories.ExplicitWaitFactory.performexplicitwait(ExplicitWaitFactory.java:35)
	at com.starquick.pages.BasePage.click(BasePage.java:40)
	at com.starquick.pages.TATAOpenLandingPage1.product_search_Amul_Masti_Dahi_Pouch(TATAOpenLandingPage1.java:61)
	at com.starquick.test.starquickaddcartjourney.Milksearchproduct(starquickaddcartjourney.java:45)
	at java.base/java.util.concurrent.ThreadPoolExecutor.runWorker(ThreadPoolExecutor.java:1136)
	at java.base/java.util.concurrent.ThreadPoolExecutor$Worker.run(ThreadPoolExecutor.java:635)
	at java.base/java.lang.Thread.run(Thread.java:840)
... Removed 9 stack frames</pre></div><a href='#' onClick='toggleBox("stack-trace1798536807", this, "Click to show all stack frames", "Click to hide stack frames")'>Click to show all stack frames</a>
<div class='stack-trace' id='stack-trace1798536807'><pre>org.openqa.selenium.TimeoutException: Expected condition failed: waiting for element to be clickable: By.xpath: //span[@id=&apos;addCartProducts&apos;] (tried for 30 second(s) with 500 milliseconds interval)
Build info: version: &apos;4.24.0&apos;, revision: &apos;748ffc9bc3&apos;
System info: os.name: &apos;Windows 10&apos;, os.arch: &apos;amd64&apos;, os.version: &apos;10.0&apos;, java.version: &apos;17.0.10&apos;
Driver info: org.openqa.selenium.remote.RemoteWebDriver
Capabilities {acceptInsecureCerts: false, browserName: MicrosoftEdge, browserVersion: 130.0.2808.0, fedcm:accounts: true, ms:edgeOptions: {debuggerAddress: localhost:38395}, msedge: {msedgedriverVersion: 130.0.2808.1 (814e2e363311e..., userDataDir: /tmp/.com.microsoft.Edge.Q3...}, networkConnectionEnabled: false, pageLoadStrategy: normal, platformName: linux, proxy: Proxy(), se:bidiEnabled: false, se:cdp: ws://172.18.0.4:4444/sessio..., se:cdpVersion: 130.0.2808.0, se:containerName: , se:noVncPort: 7900, se:vnc: ws://172.18.0.4:4444/sessio..., se:vncEnabled: true, se:vncLocalAddress: ws://172.18.0.4:7900, setWindowRect: true, strictFileInteractability: false, timeouts: {implicit: 0, pageLoad: 300000, script: 30000}, unhandledPromptBehavior: dismiss and notify, webauthn:extension:credBlob: true, webauthn:extension:largeBlob: true, webauthn:extension:minPinLength: true, webauthn:extension:prf: true, webauthn:virtualAuthenticators: true}
Session ID: c3b4d8bc2cd8dffbc4136f29b0e7bbe0
	at org.openqa.selenium.support.ui.WebDriverWait.timeoutException(WebDriverWait.java:84)
	at org.openqa.selenium.support.ui.FluentWait.until(FluentWait.java:228)
	at com.starquick.factories.ExplicitWaitFactory.performexplicitwait(ExplicitWaitFactory.java:35)
	at com.starquick.pages.BasePage.click(BasePage.java:40)
	at com.starquick.pages.TATAOpenLandingPage1.product_search_Amul_Masti_Dahi_Pouch(TATAOpenLandingPage1.java:61)
	at com.starquick.test.starquickaddcartjourney.Milksearchproduct(starquickaddcartjourney.java:45)
	at java.base/jdk.internal.reflect.NativeMethodAccessorImpl.invoke0(Native Method)
	at java.base/jdk.internal.reflect.NativeMethodAccessorImpl.invoke(NativeMethodAccessorImpl.java:77)
	at java.base/jdk.internal.reflect.DelegatingMethodAccessorImpl.invoke(DelegatingMethodAccessorImpl.java:43)
	at java.base/java.lang.reflect.Method.invoke(Method.java:568)
	at org.testng.internal.invokers.MethodInvocationHelper.invokeMethod(MethodInvocationHelper.java:141)
	at org.testng.internal.invokers.TestInvoker.invokeMethod(TestInvoker.java:686)
	at org.testng.internal.invokers.TestInvoker.invokeTestMethod(TestInvoker.java:230)
	at org.testng.internal.invokers.TestMethodWithDataProviderMethodWorker.call(TestMethodWithDataProviderMethodWorker.java:81)
	at org.testng.internal.thread.Async$AsyncTask.run(Async.java:34)
	at java.base/java.util.concurrent.ThreadPoolExecutor.runWorker(ThreadPoolExecutor.java:1136)
	at java.base/java.util.concurrent.ThreadPoolExecutor$Worker.run(ThreadPoolExecutor.java:635)
	at java.base/java.lang.Thread.run(Thread.java:840)
</pre></div></td>
<td>90</td>
<td>com.starquick.test.starquickaddcartjourney@17ca8b92</td></tr>
<tr>
<td title='com.starquick.test.starquickaddcartjourney.Onionsearchproduct()'><b>Onionsearchproduct</b><br>Test class: com.starquick.test.starquickaddcartjourney<br>Parameters: {product=Onion, testname=Onionsearchproduct, SecondProduct=, execute=Yes, browser=Edge}</td>
<td><div><pre>org.openqa.selenium.TimeoutException: Expected condition failed: waiting for visibility of element located by By.xpath: //button[@aria-label=&quot;Continue Browsing&quot;] (tried for 30 second(s) with 500 milliseconds interval)
Build info: version: &apos;4.24.0&apos;, revision: &apos;748ffc9bc3&apos;
System info: os.name: &apos;Windows 10&apos;, os.arch: &apos;amd64&apos;, os.version: &apos;10.0&apos;, java.version: &apos;17.0.10&apos;
Driver info: org.openqa.selenium.remote.RemoteWebDriver
Capabilities {acceptInsecureCerts: false, browserName: MicrosoftEdge, browserVersion: 130.0.2808.0, fedcm:accounts: true, ms:edgeOptions: {debuggerAddress: localhost:34901}, msedge: {msedgedriverVersion: 130.0.2808.1 (814e2e363311e..., userDataDir: /tmp/.com.microsoft.Edge.TF...}, networkConnectionEnabled: false, pageLoadStrategy: normal, platformName: linux, proxy: Proxy(), se:bidiEnabled: false, se:cdp: ws://172.18.0.4:4444/sessio..., se:cdpVersion: 130.0.2808.0, se:containerName: , se:noVncPort: 7900, se:vnc: ws://172.18.0.4:4444/sessio..., se:vncEnabled: true, se:vncLocalAddress: ws://172.18.0.4:7900, setWindowRect: true, strictFileInteractability: false, timeouts: {implicit: 0, pageLoad: 300000, script: 30000}, unhandledPromptBehavior: dismiss and notify, webauthn:extension:credBlob: true, webauthn:extension:largeBlob: true, webauthn:extension:minPinLength: true, webauthn:extension:prf: true, webauthn:virtualAuthenticators: true}
Session ID: da1b521ed6ec8f43c219e77f56907ab4
	at org.openqa.selenium.support.ui.WebDriverWait.timeoutException(WebDriverWait.java:84)
	at org.openqa.selenium.support.ui.FluentWait.until(FluentWait.java:228)
	at com.starquick.factories.ExplicitWaitFactory.performexplicitwait(ExplicitWaitFactory.java:45)
	at com.starquick.pages.BasePage.getText(BasePage.java:94)
	at com.starquick.pages.TATAOpenLandingPage1.onion(TATAOpenLandingPage1.java:109)
	at com.starquick.test.starquickaddcartjourney.Onionsearchproduct(starquickaddcartjourney.java:87)
	at java.base/java.util.concurrent.ThreadPoolExecutor.runWorker(ThreadPoolExecutor.java:1136)
	at java.base/java.util.concurrent.ThreadPoolExecutor$Worker.run(ThreadPoolExecutor.java:635)
	at java.base/java.lang.Thread.run(Thread.java:840)
... Removed 9 stack frames</pre></div><a href='#' onClick='toggleBox("stack-trace271610612", this, "Click to show all stack frames", "Click to hide stack frames")'>Click to show all stack frames</a>
<div class='stack-trace' id='stack-trace271610612'><pre>org.openqa.selenium.TimeoutException: Expected condition failed: waiting for visibility of element located by By.xpath: //button[@aria-label=&quot;Continue Browsing&quot;] (tried for 30 second(s) with 500 milliseconds interval)
Build info: version: &apos;4.24.0&apos;, revision: &apos;748ffc9bc3&apos;
System info: os.name: &apos;Windows 10&apos;, os.arch: &apos;amd64&apos;, os.version: &apos;10.0&apos;, java.version: &apos;17.0.10&apos;
Driver info: org.openqa.selenium.remote.RemoteWebDriver
Capabilities {acceptInsecureCerts: false, browserName: MicrosoftEdge, browserVersion: 130.0.2808.0, fedcm:accounts: true, ms:edgeOptions: {debuggerAddress: localhost:34901}, msedge: {msedgedriverVersion: 130.0.2808.1 (814e2e363311e..., userDataDir: /tmp/.com.microsoft.Edge.TF...}, networkConnectionEnabled: false, pageLoadStrategy: normal, platformName: linux, proxy: Proxy(), se:bidiEnabled: false, se:cdp: ws://172.18.0.4:4444/sessio..., se:cdpVersion: 130.0.2808.0, se:containerName: , se:noVncPort: 7900, se:vnc: ws://172.18.0.4:4444/sessio..., se:vncEnabled: true, se:vncLocalAddress: ws://172.18.0.4:7900, setWindowRect: true, strictFileInteractability: false, timeouts: {implicit: 0, pageLoad: 300000, script: 30000}, unhandledPromptBehavior: dismiss and notify, webauthn:extension:credBlob: true, webauthn:extension:largeBlob: true, webauthn:extension:minPinLength: true, webauthn:extension:prf: true, webauthn:virtualAuthenticators: true}
Session ID: da1b521ed6ec8f43c219e77f56907ab4
	at org.openqa.selenium.support.ui.WebDriverWait.timeoutException(WebDriverWait.java:84)
	at org.openqa.selenium.support.ui.FluentWait.until(FluentWait.java:228)
	at com.starquick.factories.ExplicitWaitFactory.performexplicitwait(ExplicitWaitFactory.java:45)
	at com.starquick.pages.BasePage.getText(BasePage.java:94)
	at com.starquick.pages.TATAOpenLandingPage1.onion(TATAOpenLandingPage1.java:109)
	at com.starquick.test.starquickaddcartjourney.Onionsearchproduct(starquickaddcartjourney.java:87)
	at java.base/jdk.internal.reflect.NativeMethodAccessorImpl.invoke0(Native Method)
	at java.base/jdk.internal.reflect.NativeMethodAccessorImpl.invoke(NativeMethodAccessorImpl.java:77)
	at java.base/jdk.internal.reflect.DelegatingMethodAccessorImpl.invoke(DelegatingMethodAccessorImpl.java:43)
	at java.base/java.lang.reflect.Method.invoke(Method.java:568)
	at org.testng.internal.invokers.MethodInvocationHelper.invokeMethod(MethodInvocationHelper.java:141)
	at org.testng.internal.invokers.TestInvoker.invokeMethod(TestInvoker.java:686)
	at org.testng.internal.invokers.TestInvoker.invokeTestMethod(TestInvoker.java:230)
	at org.testng.internal.invokers.TestMethodWithDataProviderMethodWorker.call(TestMethodWithDataProviderMethodWorker.java:81)
	at org.testng.internal.thread.Async$AsyncTask.run(Async.java:34)
	at java.base/java.util.concurrent.ThreadPoolExecutor.runWorker(ThreadPoolExecutor.java:1136)
	at java.base/java.util.concurrent.ThreadPoolExecutor$Worker.run(ThreadPoolExecutor.java:635)
	at java.base/java.lang.Thread.run(Thread.java:840)
</pre></div></td>
<td>63</td>
<td>com.starquick.test.starquickaddcartjourney@17ca8b92</td></tr>
<tr>
<td title='com.starquick.test.starquickaddcartjourney.Milksearchproduct()'><b>Milksearchproduct</b><br>Test class: com.starquick.test.starquickaddcartjourney<br>Parameters: {product=Milk, testname=Milksearchproduct, SecondProduct=Amul Masti Dahi Pouch, execute=Yes, browser=FireFox}</td>
<td><div><pre>org.openqa.selenium.TimeoutException: Expected condition failed: waiting for element to be clickable: By.xpath: //span[@id=&apos;addCartProducts&apos;] (tried for 30 second(s) with 500 milliseconds interval)
Build info: version: &apos;4.24.0&apos;, revision: &apos;748ffc9bc3&apos;
System info: os.name: &apos;Windows 10&apos;, os.arch: &apos;amd64&apos;, os.version: &apos;10.0&apos;, java.version: &apos;17.0.10&apos;
Driver info: org.openqa.selenium.remote.RemoteWebDriver
Capabilities {acceptInsecureCerts: true, browserName: firefox, browserVersion: 132.0a1, moz:accessibilityChecks: false, moz:buildID: 20240904095513, moz:debuggerAddress: 127.0.0.1:26235, moz:firefoxOptions: {prefs: {remote.active-protocols: 3}}, moz:geckodriverVersion: 0.35.0, moz:headless: false, moz:platformVersion: 5.15.153.1-microsoft-standa..., moz:processID: 172, moz:profile: /tmp/rust_mozprofilejRUbQL, moz:shutdownTimeout: 60000, moz:webdriverClick: true, moz:windowless: false, pageLoadStrategy: normal, platformName: linux, proxy: Proxy(), se:bidiEnabled: false, se:cdp: ws://172.18.0.2:4444/sessio..., se:cdpVersion: 85.0, se:containerName: , se:noVncPort: 7900, se:vnc: ws://172.18.0.2:4444/sessio..., se:vncEnabled: true, se:vncLocalAddress: ws://172.18.0.2:7900, setWindowRect: true, strictFileInteractability: false, timeouts: {implicit: 0, pageLoad: 300000, script: 30000}, unhandledPromptBehavior: dismiss and notify, userAgent: Mozilla/5.0 (X11; Linux x86...}
Session ID: ce59e2e3-a98a-4683-89f4-4ac66a8c6ef2
	at org.openqa.selenium.support.ui.WebDriverWait.timeoutException(WebDriverWait.java:84)
	at org.openqa.selenium.support.ui.FluentWait.until(FluentWait.java:228)
	at com.starquick.factories.ExplicitWaitFactory.performexplicitwait(ExplicitWaitFactory.java:35)
	at com.starquick.pages.BasePage.click(BasePage.java:40)
	at com.starquick.pages.TATAOpenLandingPage1.product_search_Amul_Masti_Dahi_Pouch(TATAOpenLandingPage1.java:61)
	at com.starquick.test.starquickaddcartjourney.Milksearchproduct(starquickaddcartjourney.java:45)
	at java.base/java.util.concurrent.ThreadPoolExecutor.runWorker(ThreadPoolExecutor.java:1136)
	at java.base/java.util.concurrent.ThreadPoolExecutor$Worker.run(ThreadPoolExecutor.java:635)
	at java.base/java.lang.Thread.run(Thread.java:840)
... Removed 9 stack frames</pre></div><a href='#' onClick='toggleBox("stack-trace1404079575", this, "Click to show all stack frames", "Click to hide stack frames")'>Click to show all stack frames</a>
<div class='stack-trace' id='stack-trace1404079575'><pre>org.openqa.selenium.TimeoutException: Expected condition failed: waiting for element to be clickable: By.xpath: //span[@id=&apos;addCartProducts&apos;] (tried for 30 second(s) with 500 milliseconds interval)
Build info: version: &apos;4.24.0&apos;, revision: &apos;748ffc9bc3&apos;
System info: os.name: &apos;Windows 10&apos;, os.arch: &apos;amd64&apos;, os.version: &apos;10.0&apos;, java.version: &apos;17.0.10&apos;
Driver info: org.openqa.selenium.remote.RemoteWebDriver
Capabilities {acceptInsecureCerts: true, browserName: firefox, browserVersion: 132.0a1, moz:accessibilityChecks: false, moz:buildID: 20240904095513, moz:debuggerAddress: 127.0.0.1:26235, moz:firefoxOptions: {prefs: {remote.active-protocols: 3}}, moz:geckodriverVersion: 0.35.0, moz:headless: false, moz:platformVersion: 5.15.153.1-microsoft-standa..., moz:processID: 172, moz:profile: /tmp/rust_mozprofilejRUbQL, moz:shutdownTimeout: 60000, moz:webdriverClick: true, moz:windowless: false, pageLoadStrategy: normal, platformName: linux, proxy: Proxy(), se:bidiEnabled: false, se:cdp: ws://172.18.0.2:4444/sessio..., se:cdpVersion: 85.0, se:containerName: , se:noVncPort: 7900, se:vnc: ws://172.18.0.2:4444/sessio..., se:vncEnabled: true, se:vncLocalAddress: ws://172.18.0.2:7900, setWindowRect: true, strictFileInteractability: false, timeouts: {implicit: 0, pageLoad: 300000, script: 30000}, unhandledPromptBehavior: dismiss and notify, userAgent: Mozilla/5.0 (X11; Linux x86...}
Session ID: ce59e2e3-a98a-4683-89f4-4ac66a8c6ef2
	at org.openqa.selenium.support.ui.WebDriverWait.timeoutException(WebDriverWait.java:84)
	at org.openqa.selenium.support.ui.FluentWait.until(FluentWait.java:228)
	at com.starquick.factories.ExplicitWaitFactory.performexplicitwait(ExplicitWaitFactory.java:35)
	at com.starquick.pages.BasePage.click(BasePage.java:40)
	at com.starquick.pages.TATAOpenLandingPage1.product_search_Amul_Masti_Dahi_Pouch(TATAOpenLandingPage1.java:61)
	at com.starquick.test.starquickaddcartjourney.Milksearchproduct(starquickaddcartjourney.java:45)
	at java.base/jdk.internal.reflect.NativeMethodAccessorImpl.invoke0(Native Method)
	at java.base/jdk.internal.reflect.NativeMethodAccessorImpl.invoke(NativeMethodAccessorImpl.java:77)
	at java.base/jdk.internal.reflect.DelegatingMethodAccessorImpl.invoke(DelegatingMethodAccessorImpl.java:43)
	at java.base/java.lang.reflect.Method.invoke(Method.java:568)
	at org.testng.internal.invokers.MethodInvocationHelper.invokeMethod(MethodInvocationHelper.java:141)
	at org.testng.internal.invokers.TestInvoker.invokeMethod(TestInvoker.java:686)
	at org.testng.internal.invokers.TestInvoker.invokeTestMethod(TestInvoker.java:230)
	at org.testng.internal.invokers.TestMethodWithDataProviderMethodWorker.call(TestMethodWithDataProviderMethodWorker.java:81)
	at org.testng.internal.thread.Async$AsyncTask.run(Async.java:34)
	at java.base/java.util.concurrent.ThreadPoolExecutor.runWorker(ThreadPoolExecutor.java:1136)
	at java.base/java.util.concurrent.ThreadPoolExecutor$Worker.run(ThreadPoolExecutor.java:635)
	at java.base/java.lang.Thread.run(Thread.java:840)
</pre></div></td>
<td>85</td>
<td>com.starquick.test.starquickaddcartjourney@17ca8b92</td></tr>
</table><p>
</body>
</html>